"gcc -o conftest -I/snap/ruby/189/include/ruby-2.7.0/x86_64-linux -I/snap/ruby/189/include/ruby-2.7.0/ruby/backward -I/snap/ruby/189/include/ruby-2.7.0 -I.    -O3 -ggdb3 -Wall -Wextra -Wdeprecated-declarations -Wduplicated-cond -Wimplicit-function-declaration -Wimplicit-int -Wmisleading-indentation -Wpointer-arith -Wwrite-strings -Wimplicit-fallthrough=0 -Wmissing-noreturn -Wno-cast-function-type -Wno-constant-logical-operand -Wno-long-long -Wno-missing-field-initializers -Wno-overlength-strings -Wno-packed-bitfield-compat -Wno-parentheses-equality -Wno-self-assign -Wno-tautological-compare -Wno-unused-parameter -Wno-unused-value -Wsuggest-attribute=format -Wsuggest-attribute=noreturn -Wunused-variable  -fPIC conftest.c  -L. -L/snap/ruby/189/lib -Wl,-rpath,/snap/ruby/189/lib -L.  -L/root/parts/ruby/install/usr/lib -L/root/parts/ruby/install/usr/lib/x86_64-linux-gnu -fstack-protector-strong -rdynamic -Wl,-export-dynamic     -Wl,-rpath,/snap/ruby/189/lib -L/snap/ruby/189/lib -lruby  -lm   -lc"
checked program was:
/* begin */
1: #include "ruby.h"
2: 
3: int main(int argc, char **argv)
4: {
5:   return !!argv[argc];
6: }
/* end */

"pkg-config --exists openssl"
| pkg-config --libs openssl
=> "-lssl -lcrypto\n"
"gcc -o conftest -I/snap/ruby/189/include/ruby-2.7.0/x86_64-linux -I/snap/ruby/189/include/ruby-2.7.0/ruby/backward -I/snap/ruby/189/include/ruby-2.7.0 -I.    -O3 -ggdb3 -Wall -Wextra -Wdeprecated-declarations -Wduplicated-cond -Wimplicit-function-declaration -Wimplicit-int -Wmisleading-indentation -Wpointer-arith -Wwrite-strings -Wimplicit-fallthrough=0 -Wmissing-noreturn -Wno-cast-function-type -Wno-constant-logical-operand -Wno-long-long -Wno-missing-field-initializers -Wno-overlength-strings -Wno-packed-bitfield-compat -Wno-parentheses-equality -Wno-self-assign -Wno-tautological-compare -Wno-unused-parameter -Wno-unused-value -Wsuggest-attribute=format -Wsuggest-attribute=noreturn -Wunused-variable  -fPIC conftest.c  -L. -L/snap/ruby/189/lib -Wl,-rpath,/snap/ruby/189/lib -L.  -L/root/parts/ruby/install/usr/lib -L/root/parts/ruby/install/usr/lib/x86_64-linux-gnu -fstack-protector-strong -rdynamic -Wl,-export-dynamic     -Wl,-rpath,/snap/ruby/189/lib -L/snap/ruby/189/lib -lruby -lssl -lcrypto -lm   -lc"
checked program was:
/* begin */
1: #include "ruby.h"
2: 
3: int main(int argc, char **argv)
4: {
5:   return !!argv[argc];
6: }
/* end */

| pkg-config --cflags-only-I openssl
=> "\n"
| pkg-config --cflags-only-other openssl
=> "\n"
| pkg-config --libs-only-l openssl
=> "-lssl -lcrypto\n"
package configuration for openssl
incflags: 
cflags: 
ldflags: 
libs: -lssl -lcrypto

have_library: checking for -lcrypto... -------------------- yes

"gcc -o conftest -I/snap/ruby/189/include/ruby-2.7.0/x86_64-linux -I/snap/ruby/189/include/ruby-2.7.0/ruby/backward -I/snap/ruby/189/include/ruby-2.7.0 -I.     -O3 -ggdb3 -Wall -Wextra -Wdeprecated-declarations -Wduplicated-cond -Wimplicit-function-declaration -Wimplicit-int -Wmisleading-indentation -Wpointer-arith -Wwrite-strings -Wimplicit-fallthrough=0 -Wmissing-noreturn -Wno-cast-function-type -Wno-constant-logical-operand -Wno-long-long -Wno-missing-field-initializers -Wno-overlength-strings -Wno-packed-bitfield-compat -Wno-parentheses-equality -Wno-self-assign -Wno-tautological-compare -Wno-unused-parameter -Wno-unused-value -Wsuggest-attribute=format -Wsuggest-attribute=noreturn -Wunused-variable  -fPIC  conftest.c  -L. -L/snap/ruby/189/lib -Wl,-rpath,/snap/ruby/189/lib -L.  -L/root/parts/ruby/install/usr/lib -L/root/parts/ruby/install/usr/lib/x86_64-linux-gnu -fstack-protector-strong -rdynamic -Wl,-export-dynamic      -lssl -lcrypto -Wl,-rpath,/snap/ruby/189/lib -L/snap/ruby/189/lib -lruby  -lssl -lcrypto -lcrypto -lm   -lc"
checked program was:
/* begin */
 1: #include "ruby.h"
 2: 
 3: /*top*/
 4: extern int t(void);
 5: int main(int argc, char **argv)
 6: {
 7:   if (argc > 1000000) {
 8:     int (* volatile tp)(void)=(int (*)(void))&t;
 9:     printf("%d", (*tp)());
10:   }
11: 
12:   return !!argv[argc];
13: }
14: 
15: int t(void) { ; return 0; }
/* end */

--------------------

have_library: checking for -lssl... -------------------- yes

"gcc -o conftest -I/snap/ruby/189/include/ruby-2.7.0/x86_64-linux -I/snap/ruby/189/include/ruby-2.7.0/ruby/backward -I/snap/ruby/189/include/ruby-2.7.0 -I.     -O3 -ggdb3 -Wall -Wextra -Wdeprecated-declarations -Wduplicated-cond -Wimplicit-function-declaration -Wimplicit-int -Wmisleading-indentation -Wpointer-arith -Wwrite-strings -Wimplicit-fallthrough=0 -Wmissing-noreturn -Wno-cast-function-type -Wno-constant-logical-operand -Wno-long-long -Wno-missing-field-initializers -Wno-overlength-strings -Wno-packed-bitfield-compat -Wno-parentheses-equality -Wno-self-assign -Wno-tautological-compare -Wno-unused-parameter -Wno-unused-value -Wsuggest-attribute=format -Wsuggest-attribute=noreturn -Wunused-variable  -fPIC  conftest.c  -L. -L/snap/ruby/189/lib -Wl,-rpath,/snap/ruby/189/lib -L.  -L/root/parts/ruby/install/usr/lib -L/root/parts/ruby/install/usr/lib/x86_64-linux-gnu -fstack-protector-strong -rdynamic -Wl,-export-dynamic      -lssl -lcrypto -lcrypto -Wl,-rpath,/snap/ruby/189/lib -L/snap/ruby/189/lib -lruby  -lssl -lcrypto -lcrypto -lssl -lm   -lc"
checked program was:
/* begin */
 1: #include "ruby.h"
 2: 
 3: /*top*/
 4: extern int t(void);
 5: int main(int argc, char **argv)
 6: {
 7:   if (argc > 1000000) {
 8:     int (* volatile tp)(void)=(int (*)(void))&t;
 9:     printf("%d", (*tp)());
10:   }
11: 
12:   return !!argv[argc];
13: }
14: 
15: int t(void) { ; return 0; }
/* end */

--------------------

have_header: checking for openssl/ssl.h... -------------------- yes

"gcc -E -I/snap/ruby/189/include/ruby-2.7.0/x86_64-linux -I/snap/ruby/189/include/ruby-2.7.0/ruby/backward -I/snap/ruby/189/include/ruby-2.7.0 -I.     -O3 -ggdb3 -Wall -Wextra -Wdeprecated-declarations -Wduplicated-cond -Wimplicit-function-declaration -Wimplicit-int -Wmisleading-indentation -Wpointer-arith -Wwrite-strings -Wimplicit-fallthrough=0 -Wmissing-noreturn -Wno-cast-function-type -Wno-constant-logical-operand -Wno-long-long -Wno-missing-field-initializers -Wno-overlength-strings -Wno-packed-bitfield-compat -Wno-parentheses-equality -Wno-self-assign -Wno-tautological-compare -Wno-unused-parameter -Wno-unused-value -Wsuggest-attribute=format -Wsuggest-attribute=noreturn -Wunused-variable  -fPIC   conftest.c -o conftest.i"
checked program was:
/* begin */
1: #include "ruby.h"
2: 
3: #include <openssl/ssl.h>
/* end */

--------------------

have_header: checking for openssl/err.h... -------------------- yes

"gcc -E -I/snap/ruby/189/include/ruby-2.7.0/x86_64-linux -I/snap/ruby/189/include/ruby-2.7.0/ruby/backward -I/snap/ruby/189/include/ruby-2.7.0 -I.     -O3 -ggdb3 -Wall -Wextra -Wdeprecated-declarations -Wduplicated-cond -Wimplicit-function-declaration -Wimplicit-int -Wmisleading-indentation -Wpointer-arith -Wwrite-strings -Wimplicit-fallthrough=0 -Wmissing-noreturn -Wno-cast-function-type -Wno-constant-logical-operand -Wno-long-long -Wno-missing-field-initializers -Wno-overlength-strings -Wno-packed-bitfield-compat -Wno-parentheses-equality -Wno-self-assign -Wno-tautological-compare -Wno-unused-parameter -Wno-unused-value -Wsuggest-attribute=format -Wsuggest-attribute=noreturn -Wunused-variable  -fPIC   conftest.c -o conftest.i"
checked program was:
/* begin */
1: #include "ruby.h"
2: 
3: #include <openssl/err.h>
/* end */

--------------------

have_var: checking for rb_trap_immediate in ruby.h,rubysig.h... -------------------- no

"gcc -I/snap/ruby/189/include/ruby-2.7.0/x86_64-linux -I/snap/ruby/189/include/ruby-2.7.0/ruby/backward -I/snap/ruby/189/include/ruby-2.7.0 -I.     -O3 -ggdb3 -Wall -Wextra -Wdeprecated-declarations -Wduplicated-cond -Wimplicit-function-declaration -Wimplicit-int -Wmisleading-indentation -Wpointer-arith -Wwrite-strings -Wimplicit-fallthrough=0 -Wmissing-noreturn -Wno-cast-function-type -Wno-constant-logical-operand -Wno-long-long -Wno-missing-field-initializers -Wno-overlength-strings -Wno-packed-bitfield-compat -Wno-parentheses-equality -Wno-self-assign -Wno-tautological-compare -Wno-unused-parameter -Wno-unused-value -Wsuggest-attribute=format -Wsuggest-attribute=noreturn -Wunused-variable  -fPIC    -c conftest.c"
In file included from conftest.c:4:0:
/snap/ruby/189/include/ruby-2.7.0/ruby/backward/rubysig.h:14:2: warning: #warning rubysig.h is obsolete [-Wcpp]
 #warning rubysig.h is obsolete
  ^~~~~~~
conftest.c: In function ‘t’:
conftest.c:17:55: error: ‘rb_trap_immediate’ undeclared (first use in this function); did you mean ‘rb_trap_exit’?
 int t(void) { const volatile void *volatile p; p = &(&rb_trap_immediate)[0]; return !p; }
                                                       ^~~~~~~~~~~~~~~~~
                                                       rb_trap_exit
conftest.c:17:55: note: each undeclared identifier is reported only once for each function it appears in
conftest.c: At top level:
cc1: warning: unrecognized command line option ‘-Wno-self-assign’
cc1: warning: unrecognized command line option ‘-Wno-parentheses-equality’
cc1: warning: unrecognized command line option ‘-Wno-constant-logical-operand’
cc1: warning: unrecognized command line option ‘-Wno-cast-function-type’
checked program was:
/* begin */
 1: #include "ruby.h"
 2: 
 3: #include <ruby.h>
 4: #include <rubysig.h>
 5: 
 6: /*top*/
 7: extern int t(void);
 8: int main(int argc, char **argv)
 9: {
10:   if (argc > 1000000) {
11:     int (* volatile tp)(void)=(int (*)(void))&t;
12:     printf("%d", (*tp)());
13:   }
14: 
15:   return !!argv[argc];
16: }
17: int t(void) { const volatile void *volatile p; p = &(&rb_trap_immediate)[0]; return !p; }
/* end */

--------------------

have_func: checking for rb_thread_blocking_region()... -------------------- no

"gcc -o conftest -I/snap/ruby/189/include/ruby-2.7.0/x86_64-linux -I/snap/ruby/189/include/ruby-2.7.0/ruby/backward -I/snap/ruby/189/include/ruby-2.7.0 -I.     -O3 -ggdb3 -Wall -Wextra -Wdeprecated-declarations -Wduplicated-cond -Wimplicit-function-declaration -Wimplicit-int -Wmisleading-indentation -Wpointer-arith -Wwrite-strings -Wimplicit-fallthrough=0 -Wmissing-noreturn -Wno-cast-function-type -Wno-constant-logical-operand -Wno-long-long -Wno-missing-field-initializers -Wno-overlength-strings -Wno-packed-bitfield-compat -Wno-parentheses-equality -Wno-self-assign -Wno-tautological-compare -Wno-unused-parameter -Wno-unused-value -Wsuggest-attribute=format -Wsuggest-attribute=noreturn -Wunused-variable  -fPIC  conftest.c  -L. -L/snap/ruby/189/lib -Wl,-rpath,/snap/ruby/189/lib -L.  -L/root/parts/ruby/install/usr/lib -L/root/parts/ruby/install/usr/lib/x86_64-linux-gnu -fstack-protector-strong -rdynamic -Wl,-export-dynamic      -lssl -lcrypto -lcrypto -lssl -Wl,-rpath,/snap/ruby/189/lib -L/snap/ruby/189/lib -lruby  -lssl -lcrypto -lcrypto -lssl -lm   -lc"
conftest.c: In function ‘t’:
conftest.c:14:57: error: ‘rb_thread_blocking_region’ undeclared (first use in this function); did you mean ‘rb_thread_local_aref’?
 int t(void) { void ((*volatile p)()); p = (void ((*)()))rb_thread_blocking_region; return !p; }
                                                         ^~~~~~~~~~~~~~~~~~~~~~~~~
                                                         rb_thread_local_aref
conftest.c:14:57: note: each undeclared identifier is reported only once for each function it appears in
conftest.c: At top level:
cc1: warning: unrecognized command line option ‘-Wno-self-assign’
cc1: warning: unrecognized command line option ‘-Wno-parentheses-equality’
cc1: warning: unrecognized command line option ‘-Wno-constant-logical-operand’
cc1: warning: unrecognized command line option ‘-Wno-cast-function-type’
checked program was:
/* begin */
 1: #include "ruby.h"
 2: 
 3: /*top*/
 4: extern int t(void);
 5: int main(int argc, char **argv)
 6: {
 7:   if (argc > 1000000) {
 8:     int (* volatile tp)(void)=(int (*)(void))&t;
 9:     printf("%d", (*tp)());
10:   }
11: 
12:   return !!argv[argc];
13: }
14: int t(void) { void ((*volatile p)()); p = (void ((*)()))rb_thread_blocking_region; return !p; }
/* end */

"gcc -o conftest -I/snap/ruby/189/include/ruby-2.7.0/x86_64-linux -I/snap/ruby/189/include/ruby-2.7.0/ruby/backward -I/snap/ruby/189/include/ruby-2.7.0 -I.     -O3 -ggdb3 -Wall -Wextra -Wdeprecated-declarations -Wduplicated-cond -Wimplicit-function-declaration -Wimplicit-int -Wmisleading-indentation -Wpointer-arith -Wwrite-strings -Wimplicit-fallthrough=0 -Wmissing-noreturn -Wno-cast-function-type -Wno-constant-logical-operand -Wno-long-long -Wno-missing-field-initializers -Wno-overlength-strings -Wno-packed-bitfield-compat -Wno-parentheses-equality -Wno-self-assign -Wno-tautological-compare -Wno-unused-parameter -Wno-unused-value -Wsuggest-attribute=format -Wsuggest-attribute=noreturn -Wunused-variable  -fPIC  conftest.c  -L. -L/snap/ruby/189/lib -Wl,-rpath,/snap/ruby/189/lib -L.  -L/root/parts/ruby/install/usr/lib -L/root/parts/ruby/install/usr/lib/x86_64-linux-gnu -fstack-protector-strong -rdynamic -Wl,-export-dynamic      -lssl -lcrypto -lcrypto -lssl -Wl,-rpath,/snap/ruby/189/lib -L/snap/ruby/189/lib -lruby  -lssl -lcrypto -lcrypto -lssl -lm   -lc"
/tmp/cc09806e.o: In function `t':
/home/chenjin/Chen_UCL/Chen_GIt/lxasqjc.github.io/vendor/bundle/ruby/2.7.0/gems/eventmachine-1.2.7/ext/conftest.c:15: undefined reference to `rb_thread_blocking_region'
collect2: error: ld returned 1 exit status
checked program was:
/* begin */
 1: #include "ruby.h"
 2: 
 3: /*top*/
 4: extern int t(void);
 5: int main(int argc, char **argv)
 6: {
 7:   if (argc > 1000000) {
 8:     int (* volatile tp)(void)=(int (*)(void))&t;
 9:     printf("%d", (*tp)());
10:   }
11: 
12:   return !!argv[argc];
13: }
14: extern void rb_thread_blocking_region();
15: int t(void) { rb_thread_blocking_region(); return 0; }
/* end */

--------------------

have_func: checking for rb_thread_call_without_gvl() in ruby/thread.h... -------------------- no

"gcc -o conftest -I/snap/ruby/189/include/ruby-2.7.0/x86_64-linux -I/snap/ruby/189/include/ruby-2.7.0/ruby/backward -I/snap/ruby/189/include/ruby-2.7.0 -I.     -O3 -ggdb3 -Wall -Wextra -Wdeprecated-declarations -Wduplicated-cond -Wimplicit-function-declaration -Wimplicit-int -Wmisleading-indentation -Wpointer-arith -Wwrite-strings -Wimplicit-fallthrough=0 -Wmissing-noreturn -Wno-cast-function-type -Wno-constant-logical-operand -Wno-long-long -Wno-missing-field-initializers -Wno-overlength-strings -Wno-packed-bitfield-compat -Wno-parentheses-equality -Wno-self-assign -Wno-tautological-compare -Wno-unused-parameter -Wno-unused-value -Wsuggest-attribute=format -Wsuggest-attribute=noreturn -Wunused-variable  -fPIC  conftest.c  -L. -L/snap/ruby/189/lib -Wl,-rpath,/snap/ruby/189/lib -L.  -L/root/parts/ruby/install/usr/lib -L/root/parts/ruby/install/usr/lib/x86_64-linux-gnu -fstack-protector-strong -rdynamic -Wl,-export-dynamic      -lssl -lcrypto -lcrypto -lssl -Wl,-rpath,/snap/ruby/189/lib -L/snap/ruby/189/lib -lruby  -lssl -lcrypto -lcrypto -lssl -lm   -lc"
//snap/core18/current/lib/x86_64-linux-gnu/libcrypt.so.1: undefined reference to `__open_nocancel@GLIBC_PRIVATE'
/snap/ruby/189/lib/libruby.so: undefined reference to `getrandom@GLIBC_2.25'
//snap/core18/current/lib/x86_64-linux-gnu/libpthread.so.0: undefined reference to `_IO_enable_locks@GLIBC_PRIVATE'
//snap/core18/current/lib/x86_64-linux-gnu/libpthread.so.0: undefined reference to `__mmap@GLIBC_PRIVATE'
//snap/core18/current/lib/x86_64-linux-gnu/libpthread.so.0: undefined reference to `__munmap@GLIBC_PRIVATE'
//snap/core18/current/lib/x86_64-linux-gnu/libdl.so.2: undefined reference to `_dl_catch_error@GLIBC_PRIVATE'
//snap/core18/current/lib/x86_64-linux-gnu/libpthread.so.0: undefined reference to `__mprotect@GLIBC_PRIVATE'
//snap/core18/current/lib/x86_64-linux-gnu/libcrypt.so.1: undefined reference to `__snprintf@GLIBC_PRIVATE'
//snap/core18/current/lib/x86_64-linux-gnu/libpthread.so.0: undefined reference to `__tunable_get_val@GLIBC_PRIVATE'
//snap/core18/current/lib/x86_64-linux-gnu/libcrypt.so.1: undefined reference to `__read_nocancel@GLIBC_PRIVATE'
//snap/core18/current/lib/x86_64-linux-gnu/librt.so.1: undefined reference to `__close_nocancel@GLIBC_PRIVATE'
/snap/ruby/189/lib/libruby.so: undefined reference to `copy_file_range@GLIBC_2.27'
//snap/core18/current/lib/x86_64-linux-gnu/libpthread.so.0: undefined reference to `__sigtimedwait@GLIBC_PRIVATE'
//snap/core18/current/lib/x86_64-linux-gnu/libdl.so.2: undefined reference to `_dl_signal_error@GLIBC_PRIVATE'
/snap/ruby/189/lib/libruby.so: undefined reference to `__explicit_bzero_chk@GLIBC_2.25'
collect2: error: ld returned 1 exit status
checked program was:
/* begin */
 1: #include "ruby.h"
 2: 
 3: #include <ruby/thread.h>
 4: 
 5: /*top*/
 6: extern int t(void);
 7: int main(int argc, char **argv)
 8: {
 9:   if (argc > 1000000) {
10:     int (* volatile tp)(void)=(int (*)(void))&t;
11:     printf("%d", (*tp)());
12:   }
13: 
14:   return !!argv[argc];
15: }
16: int t(void) { void ((*volatile p)()); p = (void ((*)()))rb_thread_call_without_gvl; return !p; }
/* end */

"gcc -o conftest -I/snap/ruby/189/include/ruby-2.7.0/x86_64-linux -I/snap/ruby/189/include/ruby-2.7.0/ruby/backward -I/snap/ruby/189/include/ruby-2.7.0 -I.     -O3 -ggdb3 -Wall -Wextra -Wdeprecated-declarations -Wduplicated-cond -Wimplicit-function-declaration -Wimplicit-int -Wmisleading-indentation -Wpointer-arith -Wwrite-strings -Wimplicit-fallthrough=0 -Wmissing-noreturn -Wno-cast-function-type -Wno-constant-logical-operand -Wno-long-long -Wno-missing-field-initializers -Wno-overlength-strings -Wno-packed-bitfield-compat -Wno-parentheses-equality -Wno-self-assign -Wno-tautological-compare -Wno-unused-parameter -Wno-unused-value -Wsuggest-attribute=format -Wsuggest-attribute=noreturn -Wunused-variable  -fPIC  conftest.c  -L. -L/snap/ruby/189/lib -Wl,-rpath,/snap/ruby/189/lib -L.  -L/root/parts/ruby/install/usr/lib -L/root/parts/ruby/install/usr/lib/x86_64-linux-gnu -fstack-protector-strong -rdynamic -Wl,-export-dynamic      -lssl -lcrypto -lcrypto -lssl -Wl,-rpath,/snap/ruby/189/lib -L/snap/ruby/189/lib -lruby  -lssl -lcrypto -lcrypto -lssl -lm   -lc"
conftest.c:16:13: error: conflicting types for ‘rb_thread_call_without_gvl’
 extern void rb_thread_call_without_gvl();
             ^~~~~~~~~~~~~~~~~~~~~~~~~~
In file included from conftest.c:3:0:
/snap/ruby/189/include/ruby-2.7.0/ruby/thread.h:32:7: note: previous declaration of ‘rb_thread_call_without_gvl’ was here
 void *rb_thread_call_without_gvl(void *(*func)(void *), void *data1,
       ^~~~~~~~~~~~~~~~~~~~~~~~~~
cc1: warning: unrecognized command line option ‘-Wno-self-assign’
cc1: warning: unrecognized command line option ‘-Wno-parentheses-equality’
cc1: warning: unrecognized command line option ‘-Wno-constant-logical-operand’
cc1: warning: unrecognized command line option ‘-Wno-cast-function-type’
checked program was:
/* begin */
 1: #include "ruby.h"
 2: 
 3: #include <ruby/thread.h>
 4: 
 5: /*top*/
 6: extern int t(void);
 7: int main(int argc, char **argv)
 8: {
 9:   if (argc > 1000000) {
10:     int (* volatile tp)(void)=(int (*)(void))&t;
11:     printf("%d", (*tp)());
12:   }
13: 
14:   return !!argv[argc];
15: }
16: extern void rb_thread_call_without_gvl();
17: int t(void) { rb_thread_call_without_gvl(); return 0; }
/* end */

--------------------

have_func: checking for rb_thread_fd_select()... -------------------- no

"gcc -o conftest -I/snap/ruby/189/include/ruby-2.7.0/x86_64-linux -I/snap/ruby/189/include/ruby-2.7.0/ruby/backward -I/snap/ruby/189/include/ruby-2.7.0 -I.     -O3 -ggdb3 -Wall -Wextra -Wdeprecated-declarations -Wduplicated-cond -Wimplicit-function-declaration -Wimplicit-int -Wmisleading-indentation -Wpointer-arith -Wwrite-strings -Wimplicit-fallthrough=0 -Wmissing-noreturn -Wno-cast-function-type -Wno-constant-logical-operand -Wno-long-long -Wno-missing-field-initializers -Wno-overlength-strings -Wno-packed-bitfield-compat -Wno-parentheses-equality -Wno-self-assign -Wno-tautological-compare -Wno-unused-parameter -Wno-unused-value -Wsuggest-attribute=format -Wsuggest-attribute=noreturn -Wunused-variable  -fPIC  conftest.c  -L. -L/snap/ruby/189/lib -Wl,-rpath,/snap/ruby/189/lib -L.  -L/root/parts/ruby/install/usr/lib -L/root/parts/ruby/install/usr/lib/x86_64-linux-gnu -fstack-protector-strong -rdynamic -Wl,-export-dynamic      -lssl -lcrypto -lcrypto -lssl -Wl,-rpath,/snap/ruby/189/lib -L/snap/ruby/189/lib -lruby  -lssl -lcrypto -lcrypto -lssl -lm   -lc"
//snap/core18/current/lib/x86_64-linux-gnu/libcrypt.so.1: undefined reference to `__open_nocancel@GLIBC_PRIVATE'
/snap/ruby/189/lib/libruby.so: undefined reference to `getrandom@GLIBC_2.25'
//snap/core18/current/lib/x86_64-linux-gnu/libpthread.so.0: undefined reference to `_IO_enable_locks@GLIBC_PRIVATE'
//snap/core18/current/lib/x86_64-linux-gnu/libpthread.so.0: undefined reference to `__mmap@GLIBC_PRIVATE'
//snap/core18/current/lib/x86_64-linux-gnu/libpthread.so.0: undefined reference to `__munmap@GLIBC_PRIVATE'
//snap/core18/current/lib/x86_64-linux-gnu/libdl.so.2: undefined reference to `_dl_catch_error@GLIBC_PRIVATE'
//snap/core18/current/lib/x86_64-linux-gnu/libpthread.so.0: undefined reference to `__mprotect@GLIBC_PRIVATE'
//snap/core18/current/lib/x86_64-linux-gnu/libcrypt.so.1: undefined reference to `__snprintf@GLIBC_PRIVATE'
//snap/core18/current/lib/x86_64-linux-gnu/libpthread.so.0: undefined reference to `__tunable_get_val@GLIBC_PRIVATE'
//snap/core18/current/lib/x86_64-linux-gnu/libcrypt.so.1: undefined reference to `__read_nocancel@GLIBC_PRIVATE'
//snap/core18/current/lib/x86_64-linux-gnu/librt.so.1: undefined reference to `__close_nocancel@GLIBC_PRIVATE'
/snap/ruby/189/lib/libruby.so: undefined reference to `copy_file_range@GLIBC_2.27'
//snap/core18/current/lib/x86_64-linux-gnu/libpthread.so.0: undefined reference to `__sigtimedwait@GLIBC_PRIVATE'
//snap/core18/current/lib/x86_64-linux-gnu/libdl.so.2: undefined reference to `_dl_signal_error@GLIBC_PRIVATE'
/snap/ruby/189/lib/libruby.so: undefined reference to `__explicit_bzero_chk@GLIBC_2.25'
collect2: error: ld returned 1 exit status
checked program was:
/* begin */
 1: #include "ruby.h"
 2: 
 3: /*top*/
 4: extern int t(void);
 5: int main(int argc, char **argv)
 6: {
 7:   if (argc > 1000000) {
 8:     int (* volatile tp)(void)=(int (*)(void))&t;
 9:     printf("%d", (*tp)());
10:   }
11: 
12:   return !!argv[argc];
13: }
14: int t(void) { void ((*volatile p)()); p = (void ((*)()))rb_thread_fd_select; return !p; }
/* end */

"gcc -o conftest -I/snap/ruby/189/include/ruby-2.7.0/x86_64-linux -I/snap/ruby/189/include/ruby-2.7.0/ruby/backward -I/snap/ruby/189/include/ruby-2.7.0 -I.     -O3 -ggdb3 -Wall -Wextra -Wdeprecated-declarations -Wduplicated-cond -Wimplicit-function-declaration -Wimplicit-int -Wmisleading-indentation -Wpointer-arith -Wwrite-strings -Wimplicit-fallthrough=0 -Wmissing-noreturn -Wno-cast-function-type -Wno-constant-logical-operand -Wno-long-long -Wno-missing-field-initializers -Wno-overlength-strings -Wno-packed-bitfield-compat -Wno-parentheses-equality -Wno-self-assign -Wno-tautological-compare -Wno-unused-parameter -Wno-unused-value -Wsuggest-attribute=format -Wsuggest-attribute=noreturn -Wunused-variable  -fPIC  conftest.c  -L. -L/snap/ruby/189/lib -Wl,-rpath,/snap/ruby/189/lib -L.  -L/root/parts/ruby/install/usr/lib -L/root/parts/ruby/install/usr/lib/x86_64-linux-gnu -fstack-protector-strong -rdynamic -Wl,-export-dynamic      -lssl -lcrypto -lcrypto -lssl -Wl,-rpath,/snap/ruby/189/lib -L/snap/ruby/189/lib -lruby  -lssl -lcrypto -lcrypto -lssl -lm   -lc"
conftest.c:14:13: error: conflicting types for ‘rb_thread_fd_select’
 extern void rb_thread_fd_select();
             ^~~~~~~~~~~~~~~~~~~
In file included from /snap/ruby/189/include/ruby-2.7.0/ruby/ruby.h:2148:0,
                 from /snap/ruby/189/include/ruby-2.7.0/ruby.h:33,
                 from conftest.c:1:
/snap/ruby/189/include/ruby-2.7.0/ruby/intern.h:502:5: note: previous declaration of ‘rb_thread_fd_select’ was here
 int rb_thread_fd_select(int, rb_fdset_t *, rb_fdset_t *, rb_fdset_t *, struct timeval *);
     ^~~~~~~~~~~~~~~~~~~
cc1: warning: unrecognized command line option ‘-Wno-self-assign’
cc1: warning: unrecognized command line option ‘-Wno-parentheses-equality’
cc1: warning: unrecognized command line option ‘-Wno-constant-logical-operand’
cc1: warning: unrecognized command line option ‘-Wno-cast-function-type’
checked program was:
/* begin */
 1: #include "ruby.h"
 2: 
 3: /*top*/
 4: extern int t(void);
 5: int main(int argc, char **argv)
 6: {
 7:   if (argc > 1000000) {
 8:     int (* volatile tp)(void)=(int (*)(void))&t;
 9:     printf("%d", (*tp)());
10:   }
11: 
12:   return !!argv[argc];
13: }
14: extern void rb_thread_fd_select();
15: int t(void) { rb_thread_fd_select(); return 0; }
/* end */

--------------------

have_type: checking for rb_fdset_t in ruby/intern.h... -------------------- yes

"gcc -I/snap/ruby/189/include/ruby-2.7.0/x86_64-linux -I/snap/ruby/189/include/ruby-2.7.0/ruby/backward -I/snap/ruby/189/include/ruby-2.7.0 -I.     -O3 -ggdb3 -Wall -Wextra -Wdeprecated-declarations -Wduplicated-cond -Wimplicit-function-declaration -Wimplicit-int -Wmisleading-indentation -Wpointer-arith -Wwrite-strings -Wimplicit-fallthrough=0 -Wmissing-noreturn -Wno-cast-function-type -Wno-constant-logical-operand -Wno-long-long -Wno-missing-field-initializers -Wno-overlength-strings -Wno-packed-bitfield-compat -Wno-parentheses-equality -Wno-self-assign -Wno-tautological-compare -Wno-unused-parameter -Wno-unused-value -Wsuggest-attribute=format -Wsuggest-attribute=noreturn -Wunused-variable  -fPIC    -c conftest.c"
checked program was:
/* begin */
1: #include "ruby.h"
2: 
3: #include <ruby/intern.h>
4: 
5: /*top*/
6: typedef rb_fdset_t conftest_type;
7: int conftestval[sizeof(conftest_type)?1:-1];
/* end */

--------------------

have_func: checking for rb_wait_for_single_fd()... -------------------- no

"gcc -o conftest -I/snap/ruby/189/include/ruby-2.7.0/x86_64-linux -I/snap/ruby/189/include/ruby-2.7.0/ruby/backward -I/snap/ruby/189/include/ruby-2.7.0 -I.     -O3 -ggdb3 -Wall -Wextra -Wdeprecated-declarations -Wduplicated-cond -Wimplicit-function-declaration -Wimplicit-int -Wmisleading-indentation -Wpointer-arith -Wwrite-strings -Wimplicit-fallthrough=0 -Wmissing-noreturn -Wno-cast-function-type -Wno-constant-logical-operand -Wno-long-long -Wno-missing-field-initializers -Wno-overlength-strings -Wno-packed-bitfield-compat -Wno-parentheses-equality -Wno-self-assign -Wno-tautological-compare -Wno-unused-parameter -Wno-unused-value -Wsuggest-attribute=format -Wsuggest-attribute=noreturn -Wunused-variable  -fPIC  conftest.c  -L. -L/snap/ruby/189/lib -Wl,-rpath,/snap/ruby/189/lib -L.  -L/root/parts/ruby/install/usr/lib -L/root/parts/ruby/install/usr/lib/x86_64-linux-gnu -fstack-protector-strong -rdynamic -Wl,-export-dynamic      -lssl -lcrypto -lcrypto -lssl -Wl,-rpath,/snap/ruby/189/lib -L/snap/ruby/189/lib -lruby  -lssl -lcrypto -lcrypto -lssl -lm   -lc"
conftest.c: In function ‘t’:
conftest.c:14:57: error: ‘rb_wait_for_single_fd’ undeclared (first use in this function)
 int t(void) { void ((*volatile p)()); p = (void ((*)()))rb_wait_for_single_fd; return !p; }
                                                         ^~~~~~~~~~~~~~~~~~~~~
conftest.c:14:57: note: each undeclared identifier is reported only once for each function it appears in
conftest.c: At top level:
cc1: warning: unrecognized command line option ‘-Wno-self-assign’
cc1: warning: unrecognized command line option ‘-Wno-parentheses-equality’
cc1: warning: unrecognized command line option ‘-Wno-constant-logical-operand’
cc1: warning: unrecognized command line option ‘-Wno-cast-function-type’
checked program was:
/* begin */
 1: #include "ruby.h"
 2: 
 3: /*top*/
 4: extern int t(void);
 5: int main(int argc, char **argv)
 6: {
 7:   if (argc > 1000000) {
 8:     int (* volatile tp)(void)=(int (*)(void))&t;
 9:     printf("%d", (*tp)());
10:   }
11: 
12:   return !!argv[argc];
13: }
14: int t(void) { void ((*volatile p)()); p = (void ((*)()))rb_wait_for_single_fd; return !p; }
/* end */

"gcc -o conftest -I/snap/ruby/189/include/ruby-2.7.0/x86_64-linux -I/snap/ruby/189/include/ruby-2.7.0/ruby/backward -I/snap/ruby/189/include/ruby-2.7.0 -I.     -O3 -ggdb3 -Wall -Wextra -Wdeprecated-declarations -Wduplicated-cond -Wimplicit-function-declaration -Wimplicit-int -Wmisleading-indentation -Wpointer-arith -Wwrite-strings -Wimplicit-fallthrough=0 -Wmissing-noreturn -Wno-cast-function-type -Wno-constant-logical-operand -Wno-long-long -Wno-missing-field-initializers -Wno-overlength-strings -Wno-packed-bitfield-compat -Wno-parentheses-equality -Wno-self-assign -Wno-tautological-compare -Wno-unused-parameter -Wno-unused-value -Wsuggest-attribute=format -Wsuggest-attribute=noreturn -Wunused-variable  -fPIC  conftest.c  -L. -L/snap/ruby/189/lib -Wl,-rpath,/snap/ruby/189/lib -L.  -L/root/parts/ruby/install/usr/lib -L/root/parts/ruby/install/usr/lib/x86_64-linux-gnu -fstack-protector-strong -rdynamic -Wl,-export-dynamic      -lssl -lcrypto -lcrypto -lssl -Wl,-rpath,/snap/ruby/189/lib -L/snap/ruby/189/lib -lruby  -lssl -lcrypto -lcrypto -lssl -lm   -lc"
//snap/core18/current/lib/x86_64-linux-gnu/libcrypt.so.1: undefined reference to `__open_nocancel@GLIBC_PRIVATE'
/snap/ruby/189/lib/libruby.so: undefined reference to `getrandom@GLIBC_2.25'
//snap/core18/current/lib/x86_64-linux-gnu/libpthread.so.0: undefined reference to `_IO_enable_locks@GLIBC_PRIVATE'
//snap/core18/current/lib/x86_64-linux-gnu/libpthread.so.0: undefined reference to `__mmap@GLIBC_PRIVATE'
//snap/core18/current/lib/x86_64-linux-gnu/libpthread.so.0: undefined reference to `__munmap@GLIBC_PRIVATE'
//snap/core18/current/lib/x86_64-linux-gnu/libdl.so.2: undefined reference to `_dl_catch_error@GLIBC_PRIVATE'
//snap/core18/current/lib/x86_64-linux-gnu/libpthread.so.0: undefined reference to `__mprotect@GLIBC_PRIVATE'
//snap/core18/current/lib/x86_64-linux-gnu/libcrypt.so.1: undefined reference to `__snprintf@GLIBC_PRIVATE'
//snap/core18/current/lib/x86_64-linux-gnu/libpthread.so.0: undefined reference to `__tunable_get_val@GLIBC_PRIVATE'
//snap/core18/current/lib/x86_64-linux-gnu/libcrypt.so.1: undefined reference to `__read_nocancel@GLIBC_PRIVATE'
//snap/core18/current/lib/x86_64-linux-gnu/librt.so.1: undefined reference to `__close_nocancel@GLIBC_PRIVATE'
/snap/ruby/189/lib/libruby.so: undefined reference to `copy_file_range@GLIBC_2.27'
//snap/core18/current/lib/x86_64-linux-gnu/libpthread.so.0: undefined reference to `__sigtimedwait@GLIBC_PRIVATE'
//snap/core18/current/lib/x86_64-linux-gnu/libdl.so.2: undefined reference to `_dl_signal_error@GLIBC_PRIVATE'
/snap/ruby/189/lib/libruby.so: undefined reference to `__explicit_bzero_chk@GLIBC_2.25'
collect2: error: ld returned 1 exit status
checked program was:
/* begin */
 1: #include "ruby.h"
 2: 
 3: /*top*/
 4: extern int t(void);
 5: int main(int argc, char **argv)
 6: {
 7:   if (argc > 1000000) {
 8:     int (* volatile tp)(void)=(int (*)(void))&t;
 9:     printf("%d", (*tp)());
10:   }
11: 
12:   return !!argv[argc];
13: }
14: extern void rb_wait_for_single_fd();
15: int t(void) { rb_wait_for_single_fd(); return 0; }
/* end */

--------------------

have_func: checking for rb_enable_interrupt()... -------------------- no

"gcc -o conftest -I/snap/ruby/189/include/ruby-2.7.0/x86_64-linux -I/snap/ruby/189/include/ruby-2.7.0/ruby/backward -I/snap/ruby/189/include/ruby-2.7.0 -I.     -O3 -ggdb3 -Wall -Wextra -Wdeprecated-declarations -Wduplicated-cond -Wimplicit-function-declaration -Wimplicit-int -Wmisleading-indentation -Wpointer-arith -Wwrite-strings -Wimplicit-fallthrough=0 -Wmissing-noreturn -Wno-cast-function-type -Wno-constant-logical-operand -Wno-long-long -Wno-missing-field-initializers -Wno-overlength-strings -Wno-packed-bitfield-compat -Wno-parentheses-equality -Wno-self-assign -Wno-tautological-compare -Wno-unused-parameter -Wno-unused-value -Wsuggest-attribute=format -Wsuggest-attribute=noreturn -Wunused-variable  -fPIC  conftest.c  -L. -L/snap/ruby/189/lib -Wl,-rpath,/snap/ruby/189/lib -L.  -L/root/parts/ruby/install/usr/lib -L/root/parts/ruby/install/usr/lib/x86_64-linux-gnu -fstack-protector-strong -rdynamic -Wl,-export-dynamic      -lssl -lcrypto -lcrypto -lssl -Wl,-rpath,/snap/ruby/189/lib -L/snap/ruby/189/lib -lruby  -lssl -lcrypto -lcrypto -lssl -lm   -lc"
conftest.c: In function ‘t’:
conftest.c:14:57: error: ‘rb_enable_interrupt’ undeclared (first use in this function); did you mean ‘rb_enable_super’?
 int t(void) { void ((*volatile p)()); p = (void ((*)()))rb_enable_interrupt; return !p; }
                                                         ^~~~~~~~~~~~~~~~~~~
                                                         rb_enable_super
conftest.c:14:57: note: each undeclared identifier is reported only once for each function it appears in
conftest.c: At top level:
cc1: warning: unrecognized command line option ‘-Wno-self-assign’
cc1: warning: unrecognized command line option ‘-Wno-parentheses-equality’
cc1: warning: unrecognized command line option ‘-Wno-constant-logical-operand’
cc1: warning: unrecognized command line option ‘-Wno-cast-function-type’
checked program was:
/* begin */
 1: #include "ruby.h"
 2: 
 3: /*top*/
 4: extern int t(void);
 5: int main(int argc, char **argv)
 6: {
 7:   if (argc > 1000000) {
 8:     int (* volatile tp)(void)=(int (*)(void))&t;
 9:     printf("%d", (*tp)());
10:   }
11: 
12:   return !!argv[argc];
13: }
14: int t(void) { void ((*volatile p)()); p = (void ((*)()))rb_enable_interrupt; return !p; }
/* end */

"gcc -o conftest -I/snap/ruby/189/include/ruby-2.7.0/x86_64-linux -I/snap/ruby/189/include/ruby-2.7.0/ruby/backward -I/snap/ruby/189/include/ruby-2.7.0 -I.     -O3 -ggdb3 -Wall -Wextra -Wdeprecated-declarations -Wduplicated-cond -Wimplicit-function-declaration -Wimplicit-int -Wmisleading-indentation -Wpointer-arith -Wwrite-strings -Wimplicit-fallthrough=0 -Wmissing-noreturn -Wno-cast-function-type -Wno-constant-logical-operand -Wno-long-long -Wno-missing-field-initializers -Wno-overlength-strings -Wno-packed-bitfield-compat -Wno-parentheses-equality -Wno-self-assign -Wno-tautological-compare -Wno-unused-parameter -Wno-unused-value -Wsuggest-attribute=format -Wsuggest-attribute=noreturn -Wunused-variable  -fPIC  conftest.c  -L. -L/snap/ruby/189/lib -Wl,-rpath,/snap/ruby/189/lib -L.  -L/root/parts/ruby/install/usr/lib -L/root/parts/ruby/install/usr/lib/x86_64-linux-gnu -fstack-protector-strong -rdynamic -Wl,-export-dynamic      -lssl -lcrypto -lcrypto -lssl -Wl,-rpath,/snap/ruby/189/lib -L/snap/ruby/189/lib -lruby  -lssl -lcrypto -lcrypto -lssl -lm   -lc"
/tmp/ccFTFN2W.o: In function `t':
/home/chenjin/Chen_UCL/Chen_GIt/lxasqjc.github.io/vendor/bundle/ruby/2.7.0/gems/eventmachine-1.2.7/ext/conftest.c:15: undefined reference to `rb_enable_interrupt'
collect2: error: ld returned 1 exit status
checked program was:
/* begin */
 1: #include "ruby.h"
 2: 
 3: /*top*/
 4: extern int t(void);
 5: int main(int argc, char **argv)
 6: {
 7:   if (argc > 1000000) {
 8:     int (* volatile tp)(void)=(int (*)(void))&t;
 9:     printf("%d", (*tp)());
10:   }
11: 
12:   return !!argv[argc];
13: }
14: extern void rb_enable_interrupt();
15: int t(void) { rb_enable_interrupt(); return 0; }
/* end */

--------------------

have_func: checking for rb_time_new()... -------------------- no

"gcc -o conftest -I/snap/ruby/189/include/ruby-2.7.0/x86_64-linux -I/snap/ruby/189/include/ruby-2.7.0/ruby/backward -I/snap/ruby/189/include/ruby-2.7.0 -I.     -O3 -ggdb3 -Wall -Wextra -Wdeprecated-declarations -Wduplicated-cond -Wimplicit-function-declaration -Wimplicit-int -Wmisleading-indentation -Wpointer-arith -Wwrite-strings -Wimplicit-fallthrough=0 -Wmissing-noreturn -Wno-cast-function-type -Wno-constant-logical-operand -Wno-long-long -Wno-missing-field-initializers -Wno-overlength-strings -Wno-packed-bitfield-compat -Wno-parentheses-equality -Wno-self-assign -Wno-tautological-compare -Wno-unused-parameter -Wno-unused-value -Wsuggest-attribute=format -Wsuggest-attribute=noreturn -Wunused-variable  -fPIC  conftest.c  -L. -L/snap/ruby/189/lib -Wl,-rpath,/snap/ruby/189/lib -L.  -L/root/parts/ruby/install/usr/lib -L/root/parts/ruby/install/usr/lib/x86_64-linux-gnu -fstack-protector-strong -rdynamic -Wl,-export-dynamic      -lssl -lcrypto -lcrypto -lssl -Wl,-rpath,/snap/ruby/189/lib -L/snap/ruby/189/lib -lruby  -lssl -lcrypto -lcrypto -lssl -lm   -lc"
//snap/core18/current/lib/x86_64-linux-gnu/libcrypt.so.1: undefined reference to `__open_nocancel@GLIBC_PRIVATE'
/snap/ruby/189/lib/libruby.so: undefined reference to `getrandom@GLIBC_2.25'
//snap/core18/current/lib/x86_64-linux-gnu/libpthread.so.0: undefined reference to `_IO_enable_locks@GLIBC_PRIVATE'
//snap/core18/current/lib/x86_64-linux-gnu/libpthread.so.0: undefined reference to `__mmap@GLIBC_PRIVATE'
//snap/core18/current/lib/x86_64-linux-gnu/libpthread.so.0: undefined reference to `__munmap@GLIBC_PRIVATE'
//snap/core18/current/lib/x86_64-linux-gnu/libdl.so.2: undefined reference to `_dl_catch_error@GLIBC_PRIVATE'
//snap/core18/current/lib/x86_64-linux-gnu/libpthread.so.0: undefined reference to `__mprotect@GLIBC_PRIVATE'
//snap/core18/current/lib/x86_64-linux-gnu/libcrypt.so.1: undefined reference to `__snprintf@GLIBC_PRIVATE'
//snap/core18/current/lib/x86_64-linux-gnu/libpthread.so.0: undefined reference to `__tunable_get_val@GLIBC_PRIVATE'
//snap/core18/current/lib/x86_64-linux-gnu/libcrypt.so.1: undefined reference to `__read_nocancel@GLIBC_PRIVATE'
//snap/core18/current/lib/x86_64-linux-gnu/librt.so.1: undefined reference to `__close_nocancel@GLIBC_PRIVATE'
/snap/ruby/189/lib/libruby.so: undefined reference to `copy_file_range@GLIBC_2.27'
//snap/core18/current/lib/x86_64-linux-gnu/libpthread.so.0: undefined reference to `__sigtimedwait@GLIBC_PRIVATE'
//snap/core18/current/lib/x86_64-linux-gnu/libdl.so.2: undefined reference to `_dl_signal_error@GLIBC_PRIVATE'
/snap/ruby/189/lib/libruby.so: undefined reference to `__explicit_bzero_chk@GLIBC_2.25'
collect2: error: ld returned 1 exit status
checked program was:
/* begin */
 1: #include "ruby.h"
 2: 
 3: /*top*/
 4: extern int t(void);
 5: int main(int argc, char **argv)
 6: {
 7:   if (argc > 1000000) {
 8:     int (* volatile tp)(void)=(int (*)(void))&t;
 9:     printf("%d", (*tp)());
10:   }
11: 
12:   return !!argv[argc];
13: }
14: int t(void) { void ((*volatile p)()); p = (void ((*)()))rb_time_new; return !p; }
/* end */

"gcc -o conftest -I/snap/ruby/189/include/ruby-2.7.0/x86_64-linux -I/snap/ruby/189/include/ruby-2.7.0/ruby/backward -I/snap/ruby/189/include/ruby-2.7.0 -I.     -O3 -ggdb3 -Wall -Wextra -Wdeprecated-declarations -Wduplicated-cond -Wimplicit-function-declaration -Wimplicit-int -Wmisleading-indentation -Wpointer-arith -Wwrite-strings -Wimplicit-fallthrough=0 -Wmissing-noreturn -Wno-cast-function-type -Wno-constant-logical-operand -Wno-long-long -Wno-missing-field-initializers -Wno-overlength-strings -Wno-packed-bitfield-compat -Wno-parentheses-equality -Wno-self-assign -Wno-tautological-compare -Wno-unused-parameter -Wno-unused-value -Wsuggest-attribute=format -Wsuggest-attribute=noreturn -Wunused-variable  -fPIC  conftest.c  -L. -L/snap/ruby/189/lib -Wl,-rpath,/snap/ruby/189/lib -L.  -L/root/parts/ruby/install/usr/lib -L/root/parts/ruby/install/usr/lib/x86_64-linux-gnu -fstack-protector-strong -rdynamic -Wl,-export-dynamic      -lssl -lcrypto -lcrypto -lssl -Wl,-rpath,/snap/ruby/189/lib -L/snap/ruby/189/lib -lruby  -lssl -lcrypto -lcrypto -lssl -lm   -lc"
conftest.c:14:13: error: conflicting types for ‘rb_time_new’
 extern void rb_time_new();
             ^~~~~~~~~~~
In file included from /snap/ruby/189/include/ruby-2.7.0/ruby/ruby.h:2148:0,
                 from /snap/ruby/189/include/ruby-2.7.0/ruby.h:33,
                 from conftest.c:1:
/snap/ruby/189/include/ruby-2.7.0/ruby/intern.h:957:7: note: previous declaration of ‘rb_time_new’ was here
 VALUE rb_time_new(time_t, long);
       ^~~~~~~~~~~
cc1: warning: unrecognized command line option ‘-Wno-self-assign’
cc1: warning: unrecognized command line option ‘-Wno-parentheses-equality’
cc1: warning: unrecognized command line option ‘-Wno-constant-logical-operand’
cc1: warning: unrecognized command line option ‘-Wno-cast-function-type’
checked program was:
/* begin */
 1: #include "ruby.h"
 2: 
 3: /*top*/
 4: extern int t(void);
 5: int main(int argc, char **argv)
 6: {
 7:   if (argc > 1000000) {
 8:     int (* volatile tp)(void)=(int (*)(void))&t;
 9:     printf("%d", (*tp)());
10:   }
11: 
12:   return !!argv[argc];
13: }
14: extern void rb_time_new();
15: int t(void) { rb_time_new(); return 0; }
/* end */

--------------------

have_func: checking for inotify_init() in sys/inotify.h... -------------------- yes

"gcc -o conftest -I/snap/ruby/189/include/ruby-2.7.0/x86_64-linux -I/snap/ruby/189/include/ruby-2.7.0/ruby/backward -I/snap/ruby/189/include/ruby-2.7.0 -I.     -O3 -ggdb3 -Wall -Wextra -Wdeprecated-declarations -Wduplicated-cond -Wimplicit-function-declaration -Wimplicit-int -Wmisleading-indentation -Wpointer-arith -Wwrite-strings -Wimplicit-fallthrough=0 -Wmissing-noreturn -Wno-cast-function-type -Wno-constant-logical-operand -Wno-long-long -Wno-missing-field-initializers -Wno-overlength-strings -Wno-packed-bitfield-compat -Wno-parentheses-equality -Wno-self-assign -Wno-tautological-compare -Wno-unused-parameter -Wno-unused-value -Wsuggest-attribute=format -Wsuggest-attribute=noreturn -Wunused-variable  -fPIC  conftest.c  -L. -L/snap/ruby/189/lib -Wl,-rpath,/snap/ruby/189/lib -L.  -L/root/parts/ruby/install/usr/lib -L/root/parts/ruby/install/usr/lib/x86_64-linux-gnu -fstack-protector-strong -rdynamic -Wl,-export-dynamic      -lssl -lcrypto -lcrypto -lssl -Wl,-rpath,/snap/ruby/189/lib -L/snap/ruby/189/lib -lruby  -lssl -lcrypto -lcrypto -lssl -lm   -lc"
checked program was:
/* begin */
 1: #include "ruby.h"
 2: 
 3: #include <sys/inotify.h>
 4: 
 5: /*top*/
 6: extern int t(void);
 7: int main(int argc, char **argv)
 8: {
 9:   if (argc > 1000000) {
10:     int (* volatile tp)(void)=(int (*)(void))&t;
11:     printf("%d", (*tp)());
12:   }
13: 
14:   return !!argv[argc];
15: }
16: int t(void) { void ((*volatile p)()); p = (void ((*)()))inotify_init; return !p; }
/* end */

--------------------

have_func: checking for writev() in sys/uio.h... -------------------- yes

"gcc -o conftest -I/snap/ruby/189/include/ruby-2.7.0/x86_64-linux -I/snap/ruby/189/include/ruby-2.7.0/ruby/backward -I/snap/ruby/189/include/ruby-2.7.0 -I.     -O3 -ggdb3 -Wall -Wextra -Wdeprecated-declarations -Wduplicated-cond -Wimplicit-function-declaration -Wimplicit-int -Wmisleading-indentation -Wpointer-arith -Wwrite-strings -Wimplicit-fallthrough=0 -Wmissing-noreturn -Wno-cast-function-type -Wno-constant-logical-operand -Wno-long-long -Wno-missing-field-initializers -Wno-overlength-strings -Wno-packed-bitfield-compat -Wno-parentheses-equality -Wno-self-assign -Wno-tautological-compare -Wno-unused-parameter -Wno-unused-value -Wsuggest-attribute=format -Wsuggest-attribute=noreturn -Wunused-variable  -fPIC  conftest.c  -L. -L/snap/ruby/189/lib -Wl,-rpath,/snap/ruby/189/lib -L.  -L/root/parts/ruby/install/usr/lib -L/root/parts/ruby/install/usr/lib/x86_64-linux-gnu -fstack-protector-strong -rdynamic -Wl,-export-dynamic      -lssl -lcrypto -lcrypto -lssl -Wl,-rpath,/snap/ruby/189/lib -L/snap/ruby/189/lib -lruby  -lssl -lcrypto -lcrypto -lssl -lm   -lc"
checked program was:
/* begin */
 1: #include "ruby.h"
 2: 
 3: #include <sys/uio.h>
 4: 
 5: /*top*/
 6: extern int t(void);
 7: int main(int argc, char **argv)
 8: {
 9:   if (argc > 1000000) {
10:     int (* volatile tp)(void)=(int (*)(void))&t;
11:     printf("%d", (*tp)());
12:   }
13: 
14:   return !!argv[argc];
15: }
16: int t(void) { void ((*volatile p)()); p = (void ((*)()))writev; return !p; }
/* end */

--------------------

have_func: checking for pipe2() in unistd.h... -------------------- yes

"gcc -o conftest -I/snap/ruby/189/include/ruby-2.7.0/x86_64-linux -I/snap/ruby/189/include/ruby-2.7.0/ruby/backward -I/snap/ruby/189/include/ruby-2.7.0 -I.     -O3 -ggdb3 -Wall -Wextra -Wdeprecated-declarations -Wduplicated-cond -Wimplicit-function-declaration -Wimplicit-int -Wmisleading-indentation -Wpointer-arith -Wwrite-strings -Wimplicit-fallthrough=0 -Wmissing-noreturn -Wno-cast-function-type -Wno-constant-logical-operand -Wno-long-long -Wno-missing-field-initializers -Wno-overlength-strings -Wno-packed-bitfield-compat -Wno-parentheses-equality -Wno-self-assign -Wno-tautological-compare -Wno-unused-parameter -Wno-unused-value -Wsuggest-attribute=format -Wsuggest-attribute=noreturn -Wunused-variable  -fPIC  conftest.c  -L. -L/snap/ruby/189/lib -Wl,-rpath,/snap/ruby/189/lib -L.  -L/root/parts/ruby/install/usr/lib -L/root/parts/ruby/install/usr/lib/x86_64-linux-gnu -fstack-protector-strong -rdynamic -Wl,-export-dynamic      -lssl -lcrypto -lcrypto -lssl -Wl,-rpath,/snap/ruby/189/lib -L/snap/ruby/189/lib -lruby  -lssl -lcrypto -lcrypto -lssl -lm   -lc"
checked program was:
/* begin */
 1: #include "ruby.h"
 2: 
 3: #include <unistd.h>
 4: 
 5: /*top*/
 6: extern int t(void);
 7: int main(int argc, char **argv)
 8: {
 9:   if (argc > 1000000) {
10:     int (* volatile tp)(void)=(int (*)(void))&t;
11:     printf("%d", (*tp)());
12:   }
13: 
14:   return !!argv[argc];
15: }
16: int t(void) { void ((*volatile p)()); p = (void ((*)()))pipe2; return !p; }
/* end */

--------------------

have_func: checking for accept4() in sys/socket.h... -------------------- yes

"gcc -o conftest -I/snap/ruby/189/include/ruby-2.7.0/x86_64-linux -I/snap/ruby/189/include/ruby-2.7.0/ruby/backward -I/snap/ruby/189/include/ruby-2.7.0 -I.     -O3 -ggdb3 -Wall -Wextra -Wdeprecated-declarations -Wduplicated-cond -Wimplicit-function-declaration -Wimplicit-int -Wmisleading-indentation -Wpointer-arith -Wwrite-strings -Wimplicit-fallthrough=0 -Wmissing-noreturn -Wno-cast-function-type -Wno-constant-logical-operand -Wno-long-long -Wno-missing-field-initializers -Wno-overlength-strings -Wno-packed-bitfield-compat -Wno-parentheses-equality -Wno-self-assign -Wno-tautological-compare -Wno-unused-parameter -Wno-unused-value -Wsuggest-attribute=format -Wsuggest-attribute=noreturn -Wunused-variable  -fPIC  conftest.c  -L. -L/snap/ruby/189/lib -Wl,-rpath,/snap/ruby/189/lib -L.  -L/root/parts/ruby/install/usr/lib -L/root/parts/ruby/install/usr/lib/x86_64-linux-gnu -fstack-protector-strong -rdynamic -Wl,-export-dynamic      -lssl -lcrypto -lcrypto -lssl -Wl,-rpath,/snap/ruby/189/lib -L/snap/ruby/189/lib -lruby  -lssl -lcrypto -lcrypto -lssl -lm   -lc"
checked program was:
/* begin */
 1: #include "ruby.h"
 2: 
 3: #include <sys/socket.h>
 4: 
 5: /*top*/
 6: extern int t(void);
 7: int main(int argc, char **argv)
 8: {
 9:   if (argc > 1000000) {
10:     int (* volatile tp)(void)=(int (*)(void))&t;
11:     printf("%d", (*tp)());
12:   }
13: 
14:   return !!argv[argc];
15: }
16: int t(void) { void ((*volatile p)()); p = (void ((*)()))accept4; return !p; }
/* end */

--------------------

have_const: checking for SOCK_CLOEXEC in sys/socket.h... -------------------- yes

"gcc -I/snap/ruby/189/include/ruby-2.7.0/x86_64-linux -I/snap/ruby/189/include/ruby-2.7.0/ruby/backward -I/snap/ruby/189/include/ruby-2.7.0 -I.     -O3 -ggdb3 -Wall -Wextra -Wdeprecated-declarations -Wduplicated-cond -Wimplicit-function-declaration -Wimplicit-int -Wmisleading-indentation -Wpointer-arith -Wwrite-strings -Wimplicit-fallthrough=0 -Wmissing-noreturn -Wno-cast-function-type -Wno-constant-logical-operand -Wno-long-long -Wno-missing-field-initializers -Wno-overlength-strings -Wno-packed-bitfield-compat -Wno-parentheses-equality -Wno-self-assign -Wno-tautological-compare -Wno-unused-parameter -Wno-unused-value -Wsuggest-attribute=format -Wsuggest-attribute=noreturn -Wunused-variable  -fPIC    -c conftest.c"
checked program was:
/* begin */
1: #include "ruby.h"
2: 
3: #include <sys/socket.h>
4: 
5: /*top*/
6: typedef int conftest_type;
7: conftest_type conftestval = (int)SOCK_CLOEXEC;
/* end */

--------------------

have_header: checking for sys/event.h... -------------------- no

"gcc -E -I/snap/ruby/189/include/ruby-2.7.0/x86_64-linux -I/snap/ruby/189/include/ruby-2.7.0/ruby/backward -I/snap/ruby/189/include/ruby-2.7.0 -I.     -O3 -ggdb3 -Wall -Wextra -Wdeprecated-declarations -Wduplicated-cond -Wimplicit-function-declaration -Wimplicit-int -Wmisleading-indentation -Wpointer-arith -Wwrite-strings -Wimplicit-fallthrough=0 -Wmissing-noreturn -Wno-cast-function-type -Wno-constant-logical-operand -Wno-long-long -Wno-missing-field-initializers -Wno-overlength-strings -Wno-packed-bitfield-compat -Wno-parentheses-equality -Wno-self-assign -Wno-tautological-compare -Wno-unused-parameter -Wno-unused-value -Wsuggest-attribute=format -Wsuggest-attribute=noreturn -Wunused-variable  -fPIC   conftest.c -o conftest.i"
conftest.c:3:10: fatal error: sys/event.h: No such file or directory
 #include <sys/event.h>
          ^~~~~~~~~~~~~
compilation terminated.
checked program was:
/* begin */
1: #include "ruby.h"
2: 
3: #include <sys/event.h>
/* end */

--------------------

have_func: checking for epoll_create() in sys/epoll.h... -------------------- yes

"gcc -o conftest -I/snap/ruby/189/include/ruby-2.7.0/x86_64-linux -I/snap/ruby/189/include/ruby-2.7.0/ruby/backward -I/snap/ruby/189/include/ruby-2.7.0 -I.     -O3 -ggdb3 -Wall -Wextra -Wdeprecated-declarations -Wduplicated-cond -Wimplicit-function-declaration -Wimplicit-int -Wmisleading-indentation -Wpointer-arith -Wwrite-strings -Wimplicit-fallthrough=0 -Wmissing-noreturn -Wno-cast-function-type -Wno-constant-logical-operand -Wno-long-long -Wno-missing-field-initializers -Wno-overlength-strings -Wno-packed-bitfield-compat -Wno-parentheses-equality -Wno-self-assign -Wno-tautological-compare -Wno-unused-parameter -Wno-unused-value -Wsuggest-attribute=format -Wsuggest-attribute=noreturn -Wunused-variable  -fPIC  conftest.c  -L. -L/snap/ruby/189/lib -Wl,-rpath,/snap/ruby/189/lib -L.  -L/root/parts/ruby/install/usr/lib -L/root/parts/ruby/install/usr/lib/x86_64-linux-gnu -fstack-protector-strong -rdynamic -Wl,-export-dynamic      -lssl -lcrypto -lcrypto -lssl -Wl,-rpath,/snap/ruby/189/lib -L/snap/ruby/189/lib -lruby  -lssl -lcrypto -lcrypto -lssl -lm   -lc"
checked program was:
/* begin */
 1: #include "ruby.h"
 2: 
 3: #include <sys/epoll.h>
 4: 
 5: /*top*/
 6: extern int t(void);
 7: int main(int argc, char **argv)
 8: {
 9:   if (argc > 1000000) {
10:     int (* volatile tp)(void)=(int (*)(void))&t;
11:     printf("%d", (*tp)());
12:   }
13: 
14:   return !!argv[argc];
15: }
16: int t(void) { void ((*volatile p)()); p = (void ((*)()))epoll_create; return !p; }
/* end */

--------------------

have_func: checking for clock_gettime()... -------------------- yes

"gcc -o conftest -I/snap/ruby/189/include/ruby-2.7.0/x86_64-linux -I/snap/ruby/189/include/ruby-2.7.0/ruby/backward -I/snap/ruby/189/include/ruby-2.7.0 -I.     -O3 -ggdb3 -Wall -Wextra -Wdeprecated-declarations -Wduplicated-cond -Wimplicit-function-declaration -Wimplicit-int -Wmisleading-indentation -Wpointer-arith -Wwrite-strings -Wimplicit-fallthrough=0 -Wmissing-noreturn -Wno-cast-function-type -Wno-constant-logical-operand -Wno-long-long -Wno-missing-field-initializers -Wno-overlength-strings -Wno-packed-bitfield-compat -Wno-parentheses-equality -Wno-self-assign -Wno-tautological-compare -Wno-unused-parameter -Wno-unused-value -Wsuggest-attribute=format -Wsuggest-attribute=noreturn -Wunused-variable  -fPIC  conftest.c  -L. -L/snap/ruby/189/lib -Wl,-rpath,/snap/ruby/189/lib -L.  -L/root/parts/ruby/install/usr/lib -L/root/parts/ruby/install/usr/lib/x86_64-linux-gnu -fstack-protector-strong -rdynamic -Wl,-export-dynamic      -lssl -lcrypto -lcrypto -lssl -Wl,-rpath,/snap/ruby/189/lib -L/snap/ruby/189/lib -lruby  -lssl -lcrypto -lcrypto -lssl -lm   -lc"
conftest.c: In function ‘t’:
conftest.c:14:57: error: ‘clock_gettime’ undeclared (first use in this function); did you mean ‘clock_t’?
 int t(void) { void ((*volatile p)()); p = (void ((*)()))clock_gettime; return !p; }
                                                         ^~~~~~~~~~~~~
                                                         clock_t
conftest.c:14:57: note: each undeclared identifier is reported only once for each function it appears in
conftest.c: At top level:
cc1: warning: unrecognized command line option ‘-Wno-self-assign’
cc1: warning: unrecognized command line option ‘-Wno-parentheses-equality’
cc1: warning: unrecognized command line option ‘-Wno-constant-logical-operand’
cc1: warning: unrecognized command line option ‘-Wno-cast-function-type’
checked program was:
/* begin */
 1: #include "ruby.h"
 2: 
 3: /*top*/
 4: extern int t(void);
 5: int main(int argc, char **argv)
 6: {
 7:   if (argc > 1000000) {
 8:     int (* volatile tp)(void)=(int (*)(void))&t;
 9:     printf("%d", (*tp)());
10:   }
11: 
12:   return !!argv[argc];
13: }
14: int t(void) { void ((*volatile p)()); p = (void ((*)()))clock_gettime; return !p; }
/* end */

"gcc -o conftest -I/snap/ruby/189/include/ruby-2.7.0/x86_64-linux -I/snap/ruby/189/include/ruby-2.7.0/ruby/backward -I/snap/ruby/189/include/ruby-2.7.0 -I.     -O3 -ggdb3 -Wall -Wextra -Wdeprecated-declarations -Wduplicated-cond -Wimplicit-function-declaration -Wimplicit-int -Wmisleading-indentation -Wpointer-arith -Wwrite-strings -Wimplicit-fallthrough=0 -Wmissing-noreturn -Wno-cast-function-type -Wno-constant-logical-operand -Wno-long-long -Wno-missing-field-initializers -Wno-overlength-strings -Wno-packed-bitfield-compat -Wno-parentheses-equality -Wno-self-assign -Wno-tautological-compare -Wno-unused-parameter -Wno-unused-value -Wsuggest-attribute=format -Wsuggest-attribute=noreturn -Wunused-variable  -fPIC  conftest.c  -L. -L/snap/ruby/189/lib -Wl,-rpath,/snap/ruby/189/lib -L.  -L/root/parts/ruby/install/usr/lib -L/root/parts/ruby/install/usr/lib/x86_64-linux-gnu -fstack-protector-strong -rdynamic -Wl,-export-dynamic      -lssl -lcrypto -lcrypto -lssl -Wl,-rpath,/snap/ruby/189/lib -L/snap/ruby/189/lib -lruby  -lssl -lcrypto -lcrypto -lssl -lm   -lc"
checked program was:
/* begin */
 1: #include "ruby.h"
 2: 
 3: /*top*/
 4: extern int t(void);
 5: int main(int argc, char **argv)
 6: {
 7:   if (argc > 1000000) {
 8:     int (* volatile tp)(void)=(int (*)(void))&t;
 9:     printf("%d", (*tp)());
10:   }
11: 
12:   return !!argv[argc];
13: }
14: extern void clock_gettime();
15: int t(void) { clock_gettime(); return 0; }
/* end */

--------------------

have_const: checking for CLOCK_MONOTONIC_RAW in time.h... -------------------- yes

"gcc -I/snap/ruby/189/include/ruby-2.7.0/x86_64-linux -I/snap/ruby/189/include/ruby-2.7.0/ruby/backward -I/snap/ruby/189/include/ruby-2.7.0 -I.     -O3 -ggdb3 -Wall -Wextra -Wdeprecated-declarations -Wduplicated-cond -Wimplicit-function-declaration -Wimplicit-int -Wmisleading-indentation -Wpointer-arith -Wwrite-strings -Wimplicit-fallthrough=0 -Wmissing-noreturn -Wno-cast-function-type -Wno-constant-logical-operand -Wno-long-long -Wno-missing-field-initializers -Wno-overlength-strings -Wno-packed-bitfield-compat -Wno-parentheses-equality -Wno-self-assign -Wno-tautological-compare -Wno-unused-parameter -Wno-unused-value -Wsuggest-attribute=format -Wsuggest-attribute=noreturn -Wunused-variable  -fPIC    -c conftest.c"
checked program was:
/* begin */
1: #include "ruby.h"
2: 
3: #include <time.h>
4: 
5: /*top*/
6: typedef int conftest_type;
7: conftest_type conftestval = (int)CLOCK_MONOTONIC_RAW;
/* end */

--------------------

have_const: checking for CLOCK_MONOTONIC in time.h... -------------------- yes

"gcc -I/snap/ruby/189/include/ruby-2.7.0/x86_64-linux -I/snap/ruby/189/include/ruby-2.7.0/ruby/backward -I/snap/ruby/189/include/ruby-2.7.0 -I.     -O3 -ggdb3 -Wall -Wextra -Wdeprecated-declarations -Wduplicated-cond -Wimplicit-function-declaration -Wimplicit-int -Wmisleading-indentation -Wpointer-arith -Wwrite-strings -Wimplicit-fallthrough=0 -Wmissing-noreturn -Wno-cast-function-type -Wno-constant-logical-operand -Wno-long-long -Wno-missing-field-initializers -Wno-overlength-strings -Wno-packed-bitfield-compat -Wno-parentheses-equality -Wno-self-assign -Wno-tautological-compare -Wno-unused-parameter -Wno-unused-value -Wsuggest-attribute=format -Wsuggest-attribute=noreturn -Wunused-variable  -fPIC    -c conftest.c"
checked program was:
/* begin */
1: #include "ruby.h"
2: 
3: #include <time.h>
4: 
5: /*top*/
6: typedef int conftest_type;
7: conftest_type conftestval = (int)CLOCK_MONOTONIC;
/* end */

--------------------

"g++ -o conftest -I/snap/ruby/189/include/ruby-2.7.0/x86_64-linux -I/snap/ruby/189/include/ruby-2.7.0/ruby/backward -I/snap/ruby/189/include/ruby-2.7.0 -I.     -O3 -ggdb3 -Wall -Wextra -Wdeprecated-declarations -Wduplicated-cond -Wimplicit-function-declaration -Wimplicit-int -Wmisleading-indentation -Wpointer-arith -Wwrite-strings -Wimplicit-fallthrough=0 -Wmissing-noreturn -Wno-cast-function-type -Wno-constant-logical-operand -Wno-long-long -Wno-missing-field-initializers -Wno-overlength-strings -Wno-packed-bitfield-compat -Wno-parentheses-equality -Wno-self-assign -Wno-tautological-compare -Wno-unused-parameter -Wno-unused-value -Wsuggest-attribute=format -Wsuggest-attribute=noreturn -Wunused-variable  -fPIC  conftest.c  -L. -L/snap/ruby/189/lib -Wl,-rpath,/snap/ruby/189/lib -L.  -L/root/parts/ruby/install/usr/lib -L/root/parts/ruby/install/usr/lib/x86_64-linux-gnu -fstack-protector-strong -rdynamic -Wl,-export-dynamic      -lssl -lcrypto -lcrypto -lssl -Wl,-rpath,/snap/ruby/189/lib -L/snap/ruby/189/lib -lruby -Wall -lm   -lc"
cc1plus: warning: command line option ‘-Wimplicit-function-declaration’ is valid for C/ObjC but not for C++
cc1plus: warning: command line option ‘-Wimplicit-int’ is valid for C/ObjC but not for C++
cc1plus: warning: unrecognized command line option ‘-Wno-self-assign’
cc1plus: warning: unrecognized command line option ‘-Wno-parentheses-equality’
cc1plus: warning: unrecognized command line option ‘-Wno-constant-logical-operand’
cc1plus: warning: unrecognized command line option ‘-Wno-cast-function-type’
checked program was:
/* begin */
1: #include "ruby.h"
2: 
3: int main() {return 0;}
/* end */

"g++ -o conftest -I/snap/ruby/189/include/ruby-2.7.0/x86_64-linux -I/snap/ruby/189/include/ruby-2.7.0/ruby/backward -I/snap/ruby/189/include/ruby-2.7.0 -I.     -O3 -ggdb3 -Wall -Wextra -Wdeprecated-declarations -Wduplicated-cond -Wimplicit-function-declaration -Wimplicit-int -Wmisleading-indentation -Wpointer-arith -Wwrite-strings -Wimplicit-fallthrough=0 -Wmissing-noreturn -Wno-cast-function-type -Wno-constant-logical-operand -Wno-long-long -Wno-missing-field-initializers -Wno-overlength-strings -Wno-packed-bitfield-compat -Wno-parentheses-equality -Wno-self-assign -Wno-tautological-compare -Wno-unused-parameter -Wno-unused-value -Wsuggest-attribute=format -Wsuggest-attribute=noreturn -Wunused-variable  -fPIC  conftest.c  -L. -L/snap/ruby/189/lib -Wl,-rpath,/snap/ruby/189/lib -L.  -L/root/parts/ruby/install/usr/lib -L/root/parts/ruby/install/usr/lib/x86_64-linux-gnu -fstack-protector-strong -rdynamic -Wl,-export-dynamic      -lssl -lcrypto -lcrypto -lssl -Wl,-rpath,/snap/ruby/189/lib -L/snap/ruby/189/lib -lruby -Wextra -lm   -lc"
cc1plus: warning: command line option ‘-Wimplicit-function-declaration’ is valid for C/ObjC but not for C++
cc1plus: warning: command line option ‘-Wimplicit-int’ is valid for C/ObjC but not for C++
cc1plus: warning: unrecognized command line option ‘-Wno-self-assign’
cc1plus: warning: unrecognized command line option ‘-Wno-parentheses-equality’
cc1plus: warning: unrecognized command line option ‘-Wno-constant-logical-operand’
cc1plus: warning: unrecognized command line option ‘-Wno-cast-function-type’
checked program was:
/* begin */
1: #include "ruby.h"
2: 
3: int main() {return 0;}
/* end */

"g++ -o conftest -I/snap/ruby/189/include/ruby-2.7.0/x86_64-linux -I/snap/ruby/189/include/ruby-2.7.0/ruby/backward -I/snap/ruby/189/include/ruby-2.7.0 -I.     -O3 -ggdb3 -Wall -Wextra -Wdeprecated-declarations -Wduplicated-cond -Wimplicit-function-declaration -Wimplicit-int -Wmisleading-indentation -Wpointer-arith -Wwrite-strings -Wimplicit-fallthrough=0 -Wmissing-noreturn -Wno-cast-function-type -Wno-constant-logical-operand -Wno-long-long -Wno-missing-field-initializers -Wno-overlength-strings -Wno-packed-bitfield-compat -Wno-parentheses-equality -Wno-self-assign -Wno-tautological-compare -Wno-unused-parameter -Wno-unused-value -Wsuggest-attribute=format -Wsuggest-attribute=noreturn -Wunused-variable  -fPIC  conftest.c  -L. -L/snap/ruby/189/lib -Wl,-rpath,/snap/ruby/189/lib -L.  -L/root/parts/ruby/install/usr/lib -L/root/parts/ruby/install/usr/lib/x86_64-linux-gnu -fstack-protector-strong -rdynamic -Wl,-export-dynamic      -lssl -lcrypto -lcrypto -lssl -Wl,-rpath,/snap/ruby/189/lib -L/snap/ruby/189/lib -lruby -Wno-deprecated-declarations -lm   -lc"
cc1plus: warning: command line option ‘-Wimplicit-function-declaration’ is valid for C/ObjC but not for C++
cc1plus: warning: command line option ‘-Wimplicit-int’ is valid for C/ObjC but not for C++
cc1plus: warning: unrecognized command line option ‘-Wno-self-assign’
cc1plus: warning: unrecognized command line option ‘-Wno-parentheses-equality’
cc1plus: warning: unrecognized command line option ‘-Wno-constant-logical-operand’
cc1plus: warning: unrecognized command line option ‘-Wno-cast-function-type’
checked program was:
/* begin */
1: #include "ruby.h"
2: 
3: int main() {return 0;}
/* end */

"g++ -o conftest -I/snap/ruby/189/include/ruby-2.7.0/x86_64-linux -I/snap/ruby/189/include/ruby-2.7.0/ruby/backward -I/snap/ruby/189/include/ruby-2.7.0 -I.     -O3 -ggdb3 -Wall -Wextra -Wdeprecated-declarations -Wduplicated-cond -Wimplicit-function-declaration -Wimplicit-int -Wmisleading-indentation -Wpointer-arith -Wwrite-strings -Wimplicit-fallthrough=0 -Wmissing-noreturn -Wno-cast-function-type -Wno-constant-logical-operand -Wno-long-long -Wno-missing-field-initializers -Wno-overlength-strings -Wno-packed-bitfield-compat -Wno-parentheses-equality -Wno-self-assign -Wno-tautological-compare -Wno-unused-parameter -Wno-unused-value -Wsuggest-attribute=format -Wsuggest-attribute=noreturn -Wunused-variable  -fPIC  conftest.c  -L. -L/snap/ruby/189/lib -Wl,-rpath,/snap/ruby/189/lib -L.  -L/root/parts/ruby/install/usr/lib -L/root/parts/ruby/install/usr/lib/x86_64-linux-gnu -fstack-protector-strong -rdynamic -Wl,-export-dynamic      -lssl -lcrypto -lcrypto -lssl -Wl,-rpath,/snap/ruby/189/lib -L/snap/ruby/189/lib -lruby -Wno-ignored-qualifiers -lm   -lc"
cc1plus: warning: command line option ‘-Wimplicit-function-declaration’ is valid for C/ObjC but not for C++
cc1plus: warning: command line option ‘-Wimplicit-int’ is valid for C/ObjC but not for C++
cc1plus: warning: unrecognized command line option ‘-Wno-self-assign’
cc1plus: warning: unrecognized command line option ‘-Wno-parentheses-equality’
cc1plus: warning: unrecognized command line option ‘-Wno-constant-logical-operand’
cc1plus: warning: unrecognized command line option ‘-Wno-cast-function-type’
checked program was:
/* begin */
1: #include "ruby.h"
2: 
3: int main() {return 0;}
/* end */

"g++ -o conftest -I/snap/ruby/189/include/ruby-2.7.0/x86_64-linux -I/snap/ruby/189/include/ruby-2.7.0/ruby/backward -I/snap/ruby/189/include/ruby-2.7.0 -I.     -O3 -ggdb3 -Wall -Wextra -Wdeprecated-declarations -Wduplicated-cond -Wimplicit-function-declaration -Wimplicit-int -Wmisleading-indentation -Wpointer-arith -Wwrite-strings -Wimplicit-fallthrough=0 -Wmissing-noreturn -Wno-cast-function-type -Wno-constant-logical-operand -Wno-long-long -Wno-missing-field-initializers -Wno-overlength-strings -Wno-packed-bitfield-compat -Wno-parentheses-equality -Wno-self-assign -Wno-tautological-compare -Wno-unused-parameter -Wno-unused-value -Wsuggest-attribute=format -Wsuggest-attribute=noreturn -Wunused-variable  -fPIC  conftest.c  -L. -L/snap/ruby/189/lib -Wl,-rpath,/snap/ruby/189/lib -L.  -L/root/parts/ruby/install/usr/lib -L/root/parts/ruby/install/usr/lib/x86_64-linux-gnu -fstack-protector-strong -rdynamic -Wl,-export-dynamic      -lssl -lcrypto -lcrypto -lssl -Wl,-rpath,/snap/ruby/189/lib -L/snap/ruby/189/lib -lruby -Wno-unused-result -lm   -lc"
cc1plus: warning: command line option ‘-Wimplicit-function-declaration’ is valid for C/ObjC but not for C++
cc1plus: warning: command line option ‘-Wimplicit-int’ is valid for C/ObjC but not for C++
cc1plus: warning: unrecognized command line option ‘-Wno-self-assign’
cc1plus: warning: unrecognized command line option ‘-Wno-parentheses-equality’
cc1plus: warning: unrecognized command line option ‘-Wno-constant-logical-operand’
cc1plus: warning: unrecognized command line option ‘-Wno-cast-function-type’
checked program was:
/* begin */
1: #include "ruby.h"
2: 
3: int main() {return 0;}
/* end */

"g++ -o conftest -I/snap/ruby/189/include/ruby-2.7.0/x86_64-linux -I/snap/ruby/189/include/ruby-2.7.0/ruby/backward -I/snap/ruby/189/include/ruby-2.7.0 -I.     -O3 -ggdb3 -Wall -Wextra -Wdeprecated-declarations -Wduplicated-cond -Wimplicit-function-declaration -Wimplicit-int -Wmisleading-indentation -Wpointer-arith -Wwrite-strings -Wimplicit-fallthrough=0 -Wmissing-noreturn -Wno-cast-function-type -Wno-constant-logical-operand -Wno-long-long -Wno-missing-field-initializers -Wno-overlength-strings -Wno-packed-bitfield-compat -Wno-parentheses-equality -Wno-self-assign -Wno-tautological-compare -Wno-unused-parameter -Wno-unused-value -Wsuggest-attribute=format -Wsuggest-attribute=noreturn -Wunused-variable  -fPIC  conftest.c  -L. -L/snap/ruby/189/lib -Wl,-rpath,/snap/ruby/189/lib -L.  -L/root/parts/ruby/install/usr/lib -L/root/parts/ruby/install/usr/lib/x86_64-linux-gnu -fstack-protector-strong -rdynamic -Wl,-export-dynamic      -lssl -lcrypto -lcrypto -lssl -Wl,-rpath,/snap/ruby/189/lib -L/snap/ruby/189/lib -lruby -Wno-address -lm   -lc"
cc1plus: warning: command line option ‘-Wimplicit-function-declaration’ is valid for C/ObjC but not for C++
cc1plus: warning: command line option ‘-Wimplicit-int’ is valid for C/ObjC but not for C++
cc1plus: warning: unrecognized command line option ‘-Wno-self-assign’
cc1plus: warning: unrecognized command line option ‘-Wno-parentheses-equality’
cc1plus: warning: unrecognized command line option ‘-Wno-constant-logical-operand’
cc1plus: warning: unrecognized command line option ‘-Wno-cast-function-type’
checked program was:
/* begin */
1: #include "ruby.h"
2: 
3: int main() {return 0;}
/* end */

"g++ -o conftest -I/snap/ruby/189/include/ruby-2.7.0/x86_64-linux -I/snap/ruby/189/include/ruby-2.7.0/ruby/backward -I/snap/ruby/189/include/ruby-2.7.0 -I.     -O3 -ggdb3 -Wall -Wextra -Wdeprecated-declarations -Wduplicated-cond -Wimplicit-function-declaration -Wimplicit-int -Wmisleading-indentation -Wpointer-arith -Wwrite-strings -Wimplicit-fallthrough=0 -Wmissing-noreturn -Wno-cast-function-type -Wno-constant-logical-operand -Wno-long-long -Wno-missing-field-initializers -Wno-overlength-strings -Wno-packed-bitfield-compat -Wno-parentheses-equality -Wno-self-assign -Wno-tautological-compare -Wno-unused-parameter -Wno-unused-value -Wsuggest-attribute=format -Wsuggest-attribute=noreturn -Wunused-variable  -fPIC  conftest.c  -L. -L/snap/ruby/189/lib -Wl,-rpath,/snap/ruby/189/lib -L.  -L/root/parts/ruby/install/usr/lib -L/root/parts/ruby/install/usr/lib/x86_64-linux-gnu -fstack-protector-strong -rdynamic -Wl,-export-dynamic      -lssl -lcrypto -lcrypto -lssl -Wl,-rpath,/snap/ruby/189/lib -L/snap/ruby/189/lib -lruby -lstdc++ -lm   -lc"
cc1plus: warning: command line option ‘-Wimplicit-function-declaration’ is valid for C/ObjC but not for C++
cc1plus: warning: command line option ‘-Wimplicit-int’ is valid for C/ObjC but not for C++
conftest.c: In function ‘int main()’:
conftest.c:5:35: warning: variable ‘tuple’ set but not used [-Wunused-but-set-variable]
   int main(){ pair<const int,int> tuple = make_pair(1,2); }
                                   ^~~~~
At global scope:
cc1plus: warning: unrecognized command line option ‘-Wno-self-assign’
cc1plus: warning: unrecognized command line option ‘-Wno-parentheses-equality’
cc1plus: warning: unrecognized command line option ‘-Wno-constant-logical-operand’
cc1plus: warning: unrecognized command line option ‘-Wno-cast-function-type’
checked program was:
/* begin */
1: #include "ruby.h"
2: 
3:   #include <utility>
4:   using namespace std;
5:   int main(){ pair<const int,int> tuple = make_pair(1,2); }
/* end */

